<?xml version="1.0" encoding="UTF-8"?>
<testsuite xmlns:xsi="http://www.w3.org/2001/XMLSchema-instance" xsi:noNamespaceSchemaLocation="https://maven.apache.org/surefire/maven-surefire-plugin/xsd/surefire-test-report-3.0.xsd" version="3.0" name="com.example.springtestapp.SpringTestAppApplicationTests" time="2.958" tests="1" errors="0" skipped="0" failures="0">
  <properties>
[...]
</properties>
  <testcase name="contextLoads" classname="com.example.springtestapp.SpringTestAppApplicationTests" time="0.875">
    <system-out><![CDATA[22:15:36.874 [main] INFO org.springframework.test.context.support.AnnotationConfigContextLoaderUtils -- Could not detect default configuration classes for test class [com.example.springtestapp.SpringTestAppApplicationTests]: SpringTestAppApplicationTests does not declare any static, non-private, non-final, nested classes annotated with @Configuration.
22:15:36.952 [main] INFO org.springframework.boot.test.context.SpringBootTestContextBootstrapper -- Found @SpringBootConfiguration com.example.springtestapp.SpringTestAppApplication for test class com.example.springtestapp.SpringTestAppApplicationTests

  .   ____          _            __ _ _
 /\\ / ___'_ __ _ _(_)_ __  __ _ \ \ \ \
( ( )\___ | '_ | '_| | '_ \/ _` | \ \ \ \
 \\/  ___)| |_)| | | | | || (_| |  ) ) ) )
  '  |____| .__|_| |_|_| |_\__, | / / / /
 =========|_|==============|___/=/_/_/_/
 :: Spring Boot ::                (v3.1.2)

2023-10-25T22:15:37.282+03:00  INFO 20260 --- [           main] c.e.s.SpringTestAppApplicationTests      : Starting SpringTestAppApplicationTests using Java 17.0.3.1 with PID 20260 (started by user in C:\Users\user\WorkFolder\Projects\spring-test-app)
2023-10-25T22:15:37.283+03:00  INFO 20260 --- [           main] c.e.s.SpringTestAppApplicationTests      : No active profile set, falling back to 1 default profile: "default"
2023-10-25T22:15:38.803+03:00  INFO 20260 --- [           main] c.e.s.SpringTestAppApplicationTests      : Started SpringTestAppApplicationTests in 1.714 seconds (process running for 2.509)
]]></system-out>
  </testcase>
</testsuite>